<?xml version="1.0" encoding="UTF-8"?>

<entity-mappings xmlns="http://java.sun.com/xml/ns/persistence/orm"
                 xmlns:xsi="http://www.w3.org/2001/XMLSchema-instance"
                 xsi:schemaLocation="http://xmlns.jcp.org/xml/ns/persistence http://xmlns.jcp.org/xml/ns/persistence/orm_2_2.xsd" 
                 version="2.2">
<!--    <persistence-unit-metdata>
        <persistence-unit-defaults>
            <entity-listeners>
                <entity-listener class="com.hantsylab.example.ee7.blog.domain.support.AuditEntityListener" />
            </entity-listeners>
        </persistence-unit-defaults>
    </persistence-unit-metadata>-->
</entity-mappings>


